

Microchip Technology PIC LITE Macro Assembler V1.45 build -152302408 
                                                                                               Fri Jan 25 13:42:13 2019

Microchip Technology Omniscient Code Generator v1.45 (Free mode) build 201711160504
     1                           	processor	16F887
     2                           	opt	pw 120
     3                           	opt	lm
     4                           	psect	cinit,global,class=CODE,merge=1,delta=2
     5                           	psect	cstackCOMMON,global,class=COMMON,space=1,delta=1
     6                           	psect	maintext,global,class=CODE,split=1,delta=2
     7                           	dabs	1,0x7E,2
     8  0000                     
     9                           ; Version 1.45
    10                           ; Generated 16/11/2017 GMT
    11                           ; 
    12                           ; Copyright © 2017, Microchip Technology Inc. and its subsidiaries ("Microchip")
    13                           ; All rights reserved.
    14                           ; 
    15                           ; This software is developed by Microchip Technology Inc. and its subsidiaries ("Microch
      +                          ip").
    16                           ; 
    17                           ; Redistribution and use in source and binary forms, with or without modification, are
    18                           ; permitted provided that the following conditions are met:
    19                           ; 
    20                           ;     1. Redistributions of source code must retain the above copyright notice, this lis
      +                          t of
    21                           ;        conditions and the following disclaimer.
    22                           ; 
    23                           ;     2. Redistributions in binary form must reproduce the above copyright notice, this 
      +                          list
    24                           ;        of conditions and the following disclaimer in the documentation and/or other
    25                           ;        materials provided with the distribution.
    26                           ; 
    27                           ;     3. Microchip's name may not be used to endorse or promote products derived from th
      +                          is
    28                           ;        software without specific prior written permission.
    29                           ; 
    30                           ; THIS SOFTWARE IS PROVIDED BY MICROCHIP "AS IS" AND ANY EXPRESS OR IMPLIED WARRANTIES,
    31                           ; INCLUDING, BUT NOT LIMITED TO, THE IMPLIED WARRANTIES OF MERCHANTABILITY AND FITNESS F
      +                          OR
    32                           ; PURPOSE ARE DISCLAIMED.  IN NO EVENT SHALL MICROCHIP BE LIABLE FOR ANY DIRECT, INDIREC
      +                          T,
    33                           ; INCIDENTAL, SPECIAL, EXEMPLARY, OR CONSEQUENTIAL DAMAGES (INCLUDING BUT NOT LIMITED TO
    34                           ; PROCUREMENT OF SUBSTITUTE GOODS OR SERVICES; LOSS OF USE, DATA OR PROFITS; OR BUSINESS
    35                           ; INTERRUPTION) HOWSOEVER CAUSED AND ON ANY THEORY OF LIABILITY, WHETHER IN CONTRACT, ST
      +                          RICT
    36                           ; LIABILITY, OR TORT (INCLUDING NEGLIGENCE OR OTHERWISE) ARISING IN ANY WAY OUT OF THE U
      +                          SE OF
    37                           ; THIS SOFTWARE, EVEN IF ADVISED OF THE POSSIBILITY OF SUCH DAMAGE.
    38                           ; 
    39                           ; 
    40                           ; Code-generator required, PIC16F887 Definitions
    41                           ; 
    42                           ; SFR Addresses
    43  0000                     	;# 
    44  0001                     	;# 
    45  0002                     	;# 
    46  0003                     	;# 
    47  0004                     	;# 
    48  0005                     	;# 
    49  0006                     	;# 
    50  0007                     	;# 
    51  0008                     	;# 
    52  0009                     	;# 
    53  000A                     	;# 
    54  000B                     	;# 
    55  000C                     	;# 
    56  000D                     	;# 
    57  000E                     	;# 
    58  000E                     	;# 
    59  000F                     	;# 
    60  0010                     	;# 
    61  0011                     	;# 
    62  0012                     	;# 
    63  0013                     	;# 
    64  0014                     	;# 
    65  0015                     	;# 
    66  0015                     	;# 
    67  0016                     	;# 
    68  0017                     	;# 
    69  0018                     	;# 
    70  0019                     	;# 
    71  001A                     	;# 
    72  001B                     	;# 
    73  001B                     	;# 
    74  001C                     	;# 
    75  001D                     	;# 
    76  001E                     	;# 
    77  001F                     	;# 
    78  0081                     	;# 
    79  0085                     	;# 
    80  0086                     	;# 
    81  0087                     	;# 
    82  0088                     	;# 
    83  0089                     	;# 
    84  008C                     	;# 
    85  008D                     	;# 
    86  008E                     	;# 
    87  008F                     	;# 
    88  0090                     	;# 
    89  0091                     	;# 
    90  0092                     	;# 
    91  0093                     	;# 
    92  0093                     	;# 
    93  0093                     	;# 
    94  0094                     	;# 
    95  0095                     	;# 
    96  0096                     	;# 
    97  0097                     	;# 
    98  0098                     	;# 
    99  0099                     	;# 
   100  009A                     	;# 
   101  009B                     	;# 
   102  009C                     	;# 
   103  009D                     	;# 
   104  009E                     	;# 
   105  009F                     	;# 
   106  0105                     	;# 
   107  0107                     	;# 
   108  0108                     	;# 
   109  0109                     	;# 
   110  010C                     	;# 
   111  010C                     	;# 
   112  010D                     	;# 
   113  010E                     	;# 
   114  010F                     	;# 
   115  0185                     	;# 
   116  0187                     	;# 
   117  0188                     	;# 
   118  0189                     	;# 
   119  018C                     	;# 
   120  018D                     	;# 
   121  0006                     _PORTB	set	6
   122  0034                     _RB4	set	52
   123  0033                     _RB3	set	51
   124  0032                     _RB2	set	50
   125  0031                     _RB1	set	49
   126  0086                     _TRISB	set	134
   127  0189                     _ANSELH	set	393
   128  0188                     _ANSEL	set	392
   129                           
   130                           ; #config settings
   131  0000                     
   132                           	psect	cinit
   133  07FC                     start_initialization:	
   134  07FC                     __initialization:	
   135  07FC                     end_of_initialization:	
   136                           ;End of C runtime variable initialization code
   137                           
   138  07FC                     __end_of__initialization:	
   139  07FC  0183               	clrf	3
   140  07FD  120A  118A  2FA5   	ljmp	_main	;jump to C main() function
   141                           
   142                           	psect	cstackCOMMON
   143  0070                     __pcstackCOMMON:	
   144  0070                     ?_main:	
   145  0070                     ??_main:	
   146                           ; 1 bytes @ 0x0
   147                           
   148                           
   149                           ; 1 bytes @ 0x0
   150  0070                     	ds	3
   151                           
   152                           	psect	maintext
   153  07A5                     __pmaintext:	
   154 ;;
   155 ;;Main: autosize = 0, tempsize = 3, incstack = 0, save=0
   156 ;;
   157 ;; *************** function _main *****************
   158 ;; Defined at:
   159 ;;		line 40 in file "Led_blink.c"
   160 ;; Parameters:    Size  Location     Type
   161 ;;		None
   162 ;; Auto vars:     Size  Location     Type
   163 ;;		None
   164 ;; Return value:  Size  Location     Type
   165 ;;                  1    wreg      void 
   166 ;; Registers used:
   167 ;;		wreg, status,2
   168 ;; Tracked objects:
   169 ;;		On entry : B00/0
   170 ;;		On exit  : 0/0
   171 ;;		Unchanged: 0/0
   172 ;; Data sizes:     COMMON   BANK0   BANK1   BANK3   BANK2
   173 ;;      Params:         0       0       0       0       0
   174 ;;      Locals:         0       0       0       0       0
   175 ;;      Temps:          3       0       0       0       0
   176 ;;      Totals:         3       0       0       0       0
   177 ;;Total ram usage:        3 bytes
   178 ;; This function calls:
   179 ;;		Nothing
   180 ;; This function is called by:
   181 ;;		Startup code after reset
   182 ;; This function uses a non-reentrant model
   183 ;;
   184                           
   185                           
   186                           ;psect for function _main
   187  07A5                     _main:	
   188                           
   189                           ;Led_blink.c: 41: PORTB=0x00;
   190                           
   191                           ;incstack = 0
   192                           ; Regs used in _main: [wreg+status,2]
   193  07A5  1283               	bcf	3,5	;RP0=0, select bank0
   194  07A6  1303               	bcf	3,6	;RP1=0, select bank0
   195  07A7  0186               	clrf	6	;volatile
   196                           
   197                           ;Led_blink.c: 42: TRISB=0x00;
   198  07A8  1683               	bsf	3,5	;RP0=1, select bank1
   199  07A9  1303               	bcf	3,6	;RP1=0, select bank1
   200  07AA  0186               	clrf	6	;volatile
   201                           
   202                           ;Led_blink.c: 43: ANSEL=0x00;
   203  07AB  1683               	bsf	3,5	;RP0=1, select bank3
   204  07AC  1703               	bsf	3,6	;RP1=1, select bank3
   205  07AD  0188               	clrf	8	;volatile
   206                           
   207                           ;Led_blink.c: 44: ANSELH=0x00;
   208  07AE  0189               	clrf	9	;volatile
   209  07AF                     l488:	
   210                           ;Led_blink.c: 45: while(1)
   211                           
   212                           
   213                           ;Led_blink.c: 46: {
   214                           ;Led_blink.c: 47: RB1=1;
   215  07AF  1283               	bcf	3,5	;RP0=0, select bank0
   216  07B0  1303               	bcf	3,6	;RP1=0, select bank0
   217  07B1  1486               	bsf	6,1	;volatile
   218                           
   219                           ;Led_blink.c: 48: RB2=0;
   220  07B2  1106               	bcf	6,2	;volatile
   221                           
   222                           ;Led_blink.c: 49: RB3=0;
   223  07B3  1186               	bcf	6,3	;volatile
   224                           
   225                           ;Led_blink.c: 50: RB4=0;
   226  07B4  1206               	bcf	6,4	;volatile
   227                           
   228                           ;Led_blink.c: 51: _delay((unsigned long)((1000)*(4000000/4000.0)));
   229  07B5  3006               	movlw	6
   230  07B6  00F2               	movwf	??_main+2
   231  07B7  3013               	movlw	19
   232  07B8  00F1               	movwf	??_main+1
   233  07B9  30AD               	movlw	173
   234  07BA  00F0               	movwf	??_main
   235  07BB                     u17:	
   236  07BB  0BF0               	decfsz	??_main,f
   237  07BC  2FBB               	goto	u17
   238  07BD  0BF1               	decfsz	??_main+1,f
   239  07BE  2FBB               	goto	u17
   240  07BF  0BF2               	decfsz	??_main+2,f
   241  07C0  2FBB               	goto	u17
   242  07C1  2FC2               	nop2
   243                           
   244                           ;Led_blink.c: 52: RB1=0;
   245  07C2  1283               	bcf	3,5	;RP0=0, select bank0
   246  07C3  1303               	bcf	3,6	;RP1=0, select bank0
   247  07C4  1086               	bcf	6,1	;volatile
   248                           
   249                           ;Led_blink.c: 53: RB2=1;
   250  07C5  1506               	bsf	6,2	;volatile
   251                           
   252                           ;Led_blink.c: 54: RB3=0;
   253  07C6  1186               	bcf	6,3	;volatile
   254                           
   255                           ;Led_blink.c: 55: RB4=0;
   256  07C7  1206               	bcf	6,4	;volatile
   257                           
   258                           ;Led_blink.c: 56: _delay((unsigned long)((1000)*(4000000/4000.0)));
   259  07C8  3006               	movlw	6
   260  07C9  00F2               	movwf	??_main+2
   261  07CA  3013               	movlw	19
   262  07CB  00F1               	movwf	??_main+1
   263  07CC  30AD               	movlw	173
   264  07CD  00F0               	movwf	??_main
   265  07CE                     u27:	
   266  07CE  0BF0               	decfsz	??_main,f
   267  07CF  2FCE               	goto	u27
   268  07D0  0BF1               	decfsz	??_main+1,f
   269  07D1  2FCE               	goto	u27
   270  07D2  0BF2               	decfsz	??_main+2,f
   271  07D3  2FCE               	goto	u27
   272  07D4  2FD5               	nop2
   273                           
   274                           ;Led_blink.c: 57: RB1=0;
   275  07D5  1283               	bcf	3,5	;RP0=0, select bank0
   276  07D6  1303               	bcf	3,6	;RP1=0, select bank0
   277  07D7  1086               	bcf	6,1	;volatile
   278                           
   279                           ;Led_blink.c: 58: RB2=0;
   280  07D8  1106               	bcf	6,2	;volatile
   281                           
   282                           ;Led_blink.c: 59: RB3=1;
   283  07D9  1586               	bsf	6,3	;volatile
   284                           
   285                           ;Led_blink.c: 60: RB4=0;
   286  07DA  1206               	bcf	6,4	;volatile
   287                           
   288                           ;Led_blink.c: 61: _delay((unsigned long)((1000)*(4000000/4000.0)));
   289  07DB  3006               	movlw	6
   290  07DC  00F2               	movwf	??_main+2
   291  07DD  3013               	movlw	19
   292  07DE  00F1               	movwf	??_main+1
   293  07DF  30AD               	movlw	173
   294  07E0  00F0               	movwf	??_main
   295  07E1                     u37:	
   296  07E1  0BF0               	decfsz	??_main,f
   297  07E2  2FE1               	goto	u37
   298  07E3  0BF1               	decfsz	??_main+1,f
   299  07E4  2FE1               	goto	u37
   300  07E5  0BF2               	decfsz	??_main+2,f
   301  07E6  2FE1               	goto	u37
   302  07E7  2FE8               	nop2
   303                           
   304                           ;Led_blink.c: 62: RB1=0;
   305  07E8  1283               	bcf	3,5	;RP0=0, select bank0
   306  07E9  1303               	bcf	3,6	;RP1=0, select bank0
   307  07EA  1086               	bcf	6,1	;volatile
   308                           
   309                           ;Led_blink.c: 63: RB2=0;
   310  07EB  1106               	bcf	6,2	;volatile
   311                           
   312                           ;Led_blink.c: 64: RB3=0;
   313  07EC  1186               	bcf	6,3	;volatile
   314                           
   315                           ;Led_blink.c: 65: RB4=1;
   316  07ED  1606               	bsf	6,4	;volatile
   317                           
   318                           ;Led_blink.c: 66: _delay((unsigned long)((1000)*(4000000/4000.0)));
   319  07EE  3006               	movlw	6
   320  07EF  00F2               	movwf	??_main+2
   321  07F0  3013               	movlw	19
   322  07F1  00F1               	movwf	??_main+1
   323  07F2  30AD               	movlw	173
   324  07F3  00F0               	movwf	??_main
   325  07F4                     u47:	
   326  07F4  0BF0               	decfsz	??_main,f
   327  07F5  2FF4               	goto	u47
   328  07F6  0BF1               	decfsz	??_main+1,f
   329  07F7  2FF4               	goto	u47
   330  07F8  0BF2               	decfsz	??_main+2,f
   331  07F9  2FF4               	goto	u47
   332  07FA  2FFB               	nop2
   333  07FB  2FAF               	goto	l488
   334  07FC                     __end_of_main:	
   335                           ;Led_blink.c: 67: }
   336                           ;Led_blink.c: 68: return;
   337                           
   338  007E                     btemp	set	126	;btemp
   339  007E                     wtemp0	set	126


Data Sizes:
    Strings     0
    Constant    0
    Data        0
    BSS         0
    Persistent  0
    Stack       0

Auto Spaces:
    Space          Size  Autos    Used
    COMMON           14      3       3
    BANK0            80      0       0
    BANK1            80      0       0
    BANK3            96      0       0
    BANK2            96      0       0

Pointer List with Targets:

    None.

Critical Paths under _main in COMMON

    None.

Critical Paths under _main in BANK0

    None.

Critical Paths under _main in BANK1

    None.

Critical Paths under _main in BANK3

    None.

Critical Paths under _main in BANK2

    None.

Call Graph Tables:

 ---------------------------------------------------------------------------------
 (Depth) Function   	        Calls       Base Space   Used Autos Params    Refs
 ---------------------------------------------------------------------------------
 (0) _main                                                 3     3      0       0
                                              0 COMMON     3     3      0
 ---------------------------------------------------------------------------------
 Estimated maximum stack depth 0
 ---------------------------------------------------------------------------------

 Call Graph Graphs:

 _main (ROOT)

 Address spaces:
Name               Size   Autos  Total    Cost      Usage
BITCOMMON            E      0       0       0        0.0%
EEDATA             100      0       0       0        0.0%
NULL                 0      0       0       0        0.0%
CODE                 0      0       0       0        0.0%
COMMON               E      3       3       1       21.4%
BITSFR0              0      0       0       1        0.0%
SFR0                 0      0       0       1        0.0%
BITSFR1              0      0       0       2        0.0%
SFR1                 0      0       0       2        0.0%
STACK                0      0       0       2        0.0%
ABS                  0      0       0       3        0.0%
BITBANK0            50      0       0       4        0.0%
BITSFR3              0      0       0       4        0.0%
SFR3                 0      0       0       4        0.0%
BANK0               50      0       0       5        0.0%
BITSFR2              0      0       0       5        0.0%
SFR2                 0      0       0       5        0.0%
BITBANK1            50      0       0       6        0.0%
BANK1               50      0       0       7        0.0%
BITBANK3            60      0       0       8        0.0%
BANK3               60      0       0       9        0.0%
BITBANK2            60      0       0      10        0.0%
BANK2               60      0       0      11        0.0%
DATA                 0      0       0      12        0.0%


Microchip Technology PIC Macro Assembler V1.45 build -152302408 
Symbol Table                                                                                   Fri Jan 25 13:42:13 2019

             __CFG_CP$OFF 0000                        u17 07BB                        u27 07CE  
                      u37 07E1                        u47 07F4                       l488 07AF  
                     _RB1 0031                       _RB2 0032                       _RB3 0033  
                     _RB4 0034              __CFG_CPD$OFF 0000              __CFG_LVP$OFF 0000  
            __CFG_WRT$OFF 0000                      _main 07A5                      btemp 007E  
           __CFG_BOREN$ON 0000                      start 0000             __CFG_IESO$OFF 0000  
           __CFG_MCLRE$ON 0000                     ?_main 0070             __CFG_WDTE$OFF 0000  
                   _ANSEL 0188                     _PORTB 0006                     _TRISB 0086  
          __CFG_FCMEN$OFF 0000                     status 0003                     wtemp0 007E  
         __initialization 07FC              __end_of_main 07FC                    ??_main 0070  
                  _ANSELH 0189            __CFG_PWRTE$OFF 0000   __end_of__initialization 07FC  
          __pcstackCOMMON 0070                __pmaintext 07A5      end_of_initialization 07FC  
     start_initialization 07FC  __CFG_FOSC$INTRC_NOCLKOUT 0000                 ___latbits 0002  
       __CFG_BOR4V$BOR40V 0000             __size_of_main 0057  
